\BOOKMARK [2][]{Outline0.1}{Всплески интенсивности}{}% 1
\BOOKMARK [2][]{Outline0.2}{История исследования}{}% 2
\BOOKMARK [2][]{Outline0.3}{Истории изучения вопроса}{}% 3
\BOOKMARK [2][]{Outline0.4}{План доклада}{}% 4
\BOOKMARK [2][]{Outline0.5}{ДЭПРОН}{}% 5
\BOOKMARK [3][]{Outline0.5.1.7}{Детекторная система}{Outline0.5}% 6
\BOOKMARK [2][]{Outline0.6}{Алгоритм обработки данных}{}% 7
\BOOKMARK [2][]{Outline0.7}{Доступность данных}{}% 8
\BOOKMARK [2][]{Outline0.8}{Разделение участков траектории}{}% 9
\BOOKMARK [2][]{Outline0.9}{Результаты измерений дозиметра}{}% 10
\BOOKMARK [3][]{Outline0.9.1.13}{Интегральные дозы}{Outline0.9}% 11
\BOOKMARK [3][]{Outline0.9.2.14}{Максимальные мощности дозы}{Outline0.9}% 12
\BOOKMARK [2][]{Outline0.10}{Статистика всплесков и их феноменология. }{}% 13
\BOOKMARK [2][]{Outline0.11}{Географическое распределение всплесков}{}% 14
\BOOKMARK [2][]{Outline0.12}{Распределение всплесков в геомагнитных координатах}{}% 15
\BOOKMARK [2][]{Outline0.13}{Распределение пролетов авроральной области в геомагнитных координатах}{}% 16
\BOOKMARK [2][]{Outline0.14}{Связь с параметрами солнечной активности}{}% 17
\BOOKMARK [2][]{Outline0.15}{Дозиметрические характеристики всплесков}{}% 18
\BOOKMARK [2][]{Outline0.16}{Дозиметрические характеристики всплесков}{}% 19
\BOOKMARK [2][]{Outline0.17}{Заключение}{}% 20
